2025-11-18 22:06:47 - database.connection - ERROR - MySQL bağlantı hatası: 2003 (HY000): Can't connect to MySQL server on 'localhost:3306' (10061)
2025-11-18 22:06:47 - __main__ - ERROR - Veritabanı bağlantısı başarısız
2025-11-18 22:19:54 - database.connection - ERROR - MySQL bağlantı hatası: 1049 (42000): Unknown database 'google_maps_scraper'
2025-11-18 22:19:54 - __main__ - ERROR - Veritabanı bağlantısı başarısız
2025-11-18 22:22:28 - scraper.google_maps_scraper - ERROR - Scroll hatası: Message: no such element: Unable to locate element: {"method":"css selector","selector":"[data-value="Search results"]"}
  (Session info: chrome=142.0.7444.163); For documentation on this error, please visit: https://www.selenium.dev/documentation/webdriver/troubleshooting/errors#no-such-element-exception
Stacktrace:
Symbols not available. Dumping unresolved backtrace:
	0x7ff6a2fea235
	0x7ff6a2d42630
	0x7ff6a2ad16dd
	0x7ff6a2b2a27e
	0x7ff6a2b2a58c
	0x7ff6a2b7ed77
	0x7ff6a2b7baba
	0x7ff6a2b1b0ed
	0x7ff6a2b1bf63
	0x7ff6a3015d60
	0x7ff6a300fe8a
	0x7ff6a3031005
	0x7ff6a2d5d71e
	0x7ff6a2d64e1f
	0x7ff6a2d4b7c4
	0x7ff6a2d4b97f
	0x7ff6a2d318e8
	0x7ffa68b8e8d7
	0x7ffa6958c53c

2025-11-18 22:22:32 - scraper.scraper_worker - ERROR - Excel export hatası: Export edilecek işletme bulunamadı
2025-11-18 22:22:32 - scraper.scraper_worker - ERROR - Excel export hatası: Export edilecek işletme bulunamadı
2025-11-18 22:26:33 - scraper.google_maps_scraper - ERROR - Scroll hatası: Message: no such element: Unable to locate element: {"method":"css selector","selector":"[data-value="Search results"]"}
  (Session info: chrome=142.0.7444.163); For documentation on this error, please visit: https://www.selenium.dev/documentation/webdriver/troubleshooting/errors#no-such-element-exception
Stacktrace:
Symbols not available. Dumping unresolved backtrace:
	0x7ff6a2fea235
	0x7ff6a2d42630
	0x7ff6a2ad16dd
	0x7ff6a2b2a27e
	0x7ff6a2b2a58c
	0x7ff6a2b7ed77
	0x7ff6a2b7baba
	0x7ff6a2b1b0ed
	0x7ff6a2b1bf63
	0x7ff6a3015d60
	0x7ff6a300fe8a
	0x7ff6a3031005
	0x7ff6a2d5d71e
	0x7ff6a2d64e1f
	0x7ff6a2d4b7c4
	0x7ff6a2d4b97f
	0x7ff6a2d318e8
	0x7ffa68b8e8d7
	0x7ffa6958c53c

2025-11-18 22:26:35 - scraper.scraper_worker - ERROR - Excel export hatası: Export edilecek işletme bulunamadı
2025-11-18 22:26:35 - scraper.scraper_worker - ERROR - Excel export hatası: Export edilecek işletme bulunamadı
2025-11-18 22:53:02 - database.models - ERROR - Müşteri kaydı oluşturulamadı
2025-11-18 22:53:05 - database.models - ERROR - Müşteri kaydı oluşturulamadı
2025-11-18 22:53:06 - database.models - ERROR - Müşteri kaydı oluşturulamadı
2025-11-18 22:53:09 - database.models - ERROR - Müşteri kaydı oluşturulamadı
2025-11-18 22:58:37 - database.models - ERROR - Müşteri kaydı oluşturulamadı
2025-11-19 01:31:38 - __main__ - ERROR - Veritabanı ayarlama hatası: 'DatabaseConnectionPool' object has no attribute 'connect'
2025-11-19 01:33:54 - __main__ - ERROR - Veritabanı ayarlama hatası: 'DatabaseConnectionPool' object has no attribute 'connect'
2025-11-19 22:55:17 - database.connection - ERROR - Şema oluşturma hatası: 1007: Can't create database 'google_maps_scraper'; database exists
2025-11-19 22:57:45 - database.models - ERROR - 🚨 DIAGNOSTIC: Müşteri oluşturma hatası: 'DatabaseConnectionPool' object has no attribute 'connection'
2025-11-19 22:57:45 - database.models - ERROR - 🚨 DIAGNOSTIC: Traceback: Traceback (most recent call last):
  File "c:\Users\meteh\OneDrive\Masaüstü\metehan\database\models.py", line 314, in create
    if not db.connection:
           ^^^^^^^^^^^^^
AttributeError: 'DatabaseConnectionPool' object has no attribute 'connection'

2025-11-19 22:57:45 - database.models - ERROR - Müşteri kaydı oluşturulamadı
2025-11-20 00:29:37 - database.connection - ERROR - Şema oluşturma hatası: 1007: Can't create database 'google_maps_scraper'; database exists
2025-11-20 00:36:44 - database.connection - ERROR - Şema oluşturma hatası: 1007: Can't create database 'google_maps_scraper'; database exists
2025-11-20 00:37:18 - database.models - ERROR - 🚨 DIAGNOSTIC: Müşteri oluşturma hatası: 'DatabaseConnectionPool' object has no attribute 'connection'
2025-11-20 00:37:18 - database.models - ERROR - 🚨 DIAGNOSTIC: Traceback: Traceback (most recent call last):
  File "c:\Users\meteh\OneDrive\Masaüstü\metehan\database\models.py", line 314, in create
    if not db.connection:
           ^^^^^^^^^^^^^
AttributeError: 'DatabaseConnectionPool' object has no attribute 'connection'

2025-11-20 00:37:18 - database.models - ERROR - Müşteri kaydı oluşturulamadı
2025-11-20 00:41:36 - database.connection - ERROR - Şema oluşturma hatası: 1007: Can't create database 'google_maps_scraper'; database exists
2025-11-20 00:46:13 - utils.excel_export - ERROR - Excel export hatası: 'NoneType' object has no attribute 'title'
2025-11-20 00:46:13 - scraper.scraper_worker - ERROR - Excel export hatası: 'NoneType' object has no attribute 'title'
2025-11-20 00:46:13 - scraper.scraper_worker - ERROR - Excel export hatası: 'NoneType' object has no attribute 'title'
